  Camera.cpp
  EBO.cpp
  Main.cpp
D:\opengl projects\opengl-tutorials-main\YoutubeOpenGL 8 - Camera\worldGeneration.h(23,8): warning C4244: 'initializing': conversion from 'double' to 'int', possible loss of data
D:\opengl projects\opengl-tutorials-main\YoutubeOpenGL 8 - Camera\worldGeneration.h(44,10): warning C4244: 'initializing': conversion from 'double' to 'float', possible loss of data
D:\opengl projects\opengl-tutorials-main\YoutubeOpenGL 8 - Camera\worldGeneration.h(46,12): warning C4244: 'initializing': conversion from 'float' to 'int', possible loss of data
  shaderClass.cpp
  stb.cpp
  Texture.cpp
  VAO.cpp
D:\opengl projects\opengl-tutorials-main\YoutubeOpenGL 8 - Camera\VAO.cpp(13,53): warning C4244: 'argument': conversion from 'GLsizeiptr' to 'GLsizei', possible loss of data
  VBO.cpp
  glad.c
LINK : warning LNK4098: defaultlib 'MSVCRTD' conflicts with use of other libs; use /NODEFAULTLIB:library
  Generating code
  Previous IPDB not found, fall back to full compilation.
  All 709 functions were compiled because no usable IPDB/IOBJ from previous compilation was found.
  Finished generating code
glfw3.lib(context.obj) : warning LNK4099: PDB 'glfw.pdb' was not found with 'glfw3.lib(context.obj)' or at 'D:\opengl projects\opengl-tutorials-main\YoutubeOpenGL 8 - Camera\x64\Release\glfw.pdb'; linking object as if no debug info
glfw3.lib(init.obj) : warning LNK4099: PDB 'glfw.pdb' was not found with 'glfw3.lib(init.obj)' or at 'D:\opengl projects\opengl-tutorials-main\YoutubeOpenGL 8 - Camera\x64\Release\glfw.pdb'; linking object as if no debug info
glfw3.lib(input.obj) : warning LNK4099: PDB 'glfw.pdb' was not found with 'glfw3.lib(input.obj)' or at 'D:\opengl projects\opengl-tutorials-main\YoutubeOpenGL 8 - Camera\x64\Release\glfw.pdb'; linking object as if no debug info
glfw3.lib(monitor.obj) : warning LNK4099: PDB 'glfw.pdb' was not found with 'glfw3.lib(monitor.obj)' or at 'D:\opengl projects\opengl-tutorials-main\YoutubeOpenGL 8 - Camera\x64\Release\glfw.pdb'; linking object as if no debug info
glfw3.lib(vulkan.obj) : warning LNK4099: PDB 'glfw.pdb' was not found with 'glfw3.lib(vulkan.obj)' or at 'D:\opengl projects\opengl-tutorials-main\YoutubeOpenGL 8 - Camera\x64\Release\glfw.pdb'; linking object as if no debug info
glfw3.lib(window.obj) : warning LNK4099: PDB 'glfw.pdb' was not found with 'glfw3.lib(window.obj)' or at 'D:\opengl projects\opengl-tutorials-main\YoutubeOpenGL 8 - Camera\x64\Release\glfw.pdb'; linking object as if no debug info
glfw3.lib(win32_init.obj) : warning LNK4099: PDB 'glfw.pdb' was not found with 'glfw3.lib(win32_init.obj)' or at 'D:\opengl projects\opengl-tutorials-main\YoutubeOpenGL 8 - Camera\x64\Release\glfw.pdb'; linking object as if no debug info
glfw3.lib(win32_joystick.obj) : warning LNK4099: PDB 'glfw.pdb' was not found with 'glfw3.lib(win32_joystick.obj)' or at 'D:\opengl projects\opengl-tutorials-main\YoutubeOpenGL 8 - Camera\x64\Release\glfw.pdb'; linking object as if no debug info
glfw3.lib(win32_monitor.obj) : warning LNK4099: PDB 'glfw.pdb' was not found with 'glfw3.lib(win32_monitor.obj)' or at 'D:\opengl projects\opengl-tutorials-main\YoutubeOpenGL 8 - Camera\x64\Release\glfw.pdb'; linking object as if no debug info
glfw3.lib(win32_time.obj) : warning LNK4099: PDB 'glfw.pdb' was not found with 'glfw3.lib(win32_time.obj)' or at 'D:\opengl projects\opengl-tutorials-main\YoutubeOpenGL 8 - Camera\x64\Release\glfw.pdb'; linking object as if no debug info
glfw3.lib(win32_thread.obj) : warning LNK4099: PDB 'glfw.pdb' was not found with 'glfw3.lib(win32_thread.obj)' or at 'D:\opengl projects\opengl-tutorials-main\YoutubeOpenGL 8 - Camera\x64\Release\glfw.pdb'; linking object as if no debug info
glfw3.lib(win32_window.obj) : warning LNK4099: PDB 'glfw.pdb' was not found with 'glfw3.lib(win32_window.obj)' or at 'D:\opengl projects\opengl-tutorials-main\YoutubeOpenGL 8 - Camera\x64\Release\glfw.pdb'; linking object as if no debug info
glfw3.lib(wgl_context.obj) : warning LNK4099: PDB 'glfw.pdb' was not found with 'glfw3.lib(wgl_context.obj)' or at 'D:\opengl projects\opengl-tutorials-main\YoutubeOpenGL 8 - Camera\x64\Release\glfw.pdb'; linking object as if no debug info
glfw3.lib(egl_context.obj) : warning LNK4099: PDB 'glfw.pdb' was not found with 'glfw3.lib(egl_context.obj)' or at 'D:\opengl projects\opengl-tutorials-main\YoutubeOpenGL 8 - Camera\x64\Release\glfw.pdb'; linking object as if no debug info
glfw3.lib(osmesa_context.obj) : warning LNK4099: PDB 'glfw.pdb' was not found with 'glfw3.lib(osmesa_context.obj)' or at 'D:\opengl projects\opengl-tutorials-main\YoutubeOpenGL 8 - Camera\x64\Release\glfw.pdb'; linking object as if no debug info
  YoutubeOpenGL.vcxproj -> D:\opengl projects\opengl-tutorials-main\YoutubeOpenGL 8 - Camera\x64\Release\YoutubeOpenGL.exe
