d:\opengl projects\opengl-tutorials-main\youtubeopengl 8 - camera\x64\debug\vc142.pdb
d:\opengl projects\opengl-tutorials-main\youtubeopengl 8 - camera\x64\debug\vc142.idb
d:\opengl projects\opengl-tutorials-main\youtubeopengl 8 - camera\x64\debug\vbo.obj
d:\opengl projects\opengl-tutorials-main\youtubeopengl 8 - camera\x64\debug\vao.obj
d:\opengl projects\opengl-tutorials-main\youtubeopengl 8 - camera\x64\debug\texture.obj
d:\opengl projects\opengl-tutorials-main\youtubeopengl 8 - camera\x64\debug\stb.obj
d:\opengl projects\opengl-tutorials-main\youtubeopengl 8 - camera\x64\debug\shaderclass.obj
d:\opengl projects\opengl-tutorials-main\youtubeopengl 8 - camera\x64\debug\main.obj
d:\opengl projects\opengl-tutorials-main\youtubeopengl 8 - camera\x64\debug\ebo.obj
d:\opengl projects\opengl-tutorials-main\youtubeopengl 8 - camera\x64\debug\camera.obj
d:\opengl projects\opengl-tutorials-main\youtubeopengl 8 - camera\x64\debug\glad.obj
d:\opengl projects\opengl-tutorials-main\youtubeopengl 8 - camera\x64\debug\default.frag
d:\opengl projects\opengl-tutorials-main\youtubeopengl 8 - camera\x64\debug\default.vert
d:\opengl projects\opengl-tutorials-main\youtubeopengl 8 - camera\x64\debug\youtubeopengl.exe
d:\opengl projects\opengl-tutorials-main\youtubeopengl 8 - camera\x64\debug\youtubeopengl.pdb
d:\opengl projects\opengl-tutorials-main\youtubeopengl 8 - camera\x64\debug\youtubeopengl.tlog\cl.command.1.tlog
d:\opengl projects\opengl-tutorials-main\youtubeopengl 8 - camera\x64\debug\youtubeopengl.tlog\cl.read.1.tlog
d:\opengl projects\opengl-tutorials-main\youtubeopengl 8 - camera\x64\debug\youtubeopengl.tlog\cl.write.1.tlog
d:\opengl projects\opengl-tutorials-main\youtubeopengl 8 - camera\x64\debug\youtubeopengl.tlog\copyfile.command.1.tlog
d:\opengl projects\opengl-tutorials-main\youtubeopengl 8 - camera\x64\debug\youtubeopengl.tlog\copyfile.read.1.tlog
d:\opengl projects\opengl-tutorials-main\youtubeopengl 8 - camera\x64\debug\youtubeopengl.tlog\copyfile.write.1.tlog
d:\opengl projects\opengl-tutorials-main\youtubeopengl 8 - camera\x64\debug\youtubeopengl.tlog\link.command.1.tlog
d:\opengl projects\opengl-tutorials-main\youtubeopengl 8 - camera\x64\debug\youtubeopengl.tlog\link.read.1.tlog
d:\opengl projects\opengl-tutorials-main\youtubeopengl 8 - camera\x64\debug\youtubeopengl.tlog\link.write.1.tlog
